生成启动时间为 2015/10/26 10:10:19。
     1>项目“D:\ML_GVIDMW2.0GPU\ML_GVIDMW_Net_5_dll_TV_2.0\ML_GVIDMW\ML_GVIDMW.vcxproj”在节点 2 上(Build 个目标)。
     1>InitializeBuildStatus:
         正在对“Debug\ML_GVIDMW.unsuccessfulbuild”执行 Touch 任务。
       ClCompile:
         所有输出均为最新。
       Link:
         D:\Program Files\Microsoft Visual Studio 11.0\VC\bin\link.exe /ERRORREPORT:PROMPT /OUT:"D:\ML_GVIDMW2.0GPU\ML_GVIDMW_Net_5_dll_TV_2.0\Debug\ML_GVIDMW.dll" /INCREMENTAL /NOLOGO /LIBPATH:D:\ML_GVIDMW2.0GPU\ML_GVIDMW_Net_5_dll_TV_2.0\ML_GVIDMW\TVlib glaux.lib glew32.lib glut32.lib Opengl32.lib Glu32.lib /MANIFEST /MANIFESTUAC:"level='asInvoker' uiAccess='false'" /manifest:embed /manifestinput:"D:\Program Files\Microsoft Visual Studio 11.0\VC\Include\Manifest\dpiaware.manifest" /DEBUG /PDB:"D:\ML_GVIDMW2.0GPU\ML_GVIDMW_Net_5_dll_TV_2.0\Debug\ML_GVIDMW.pdb" /SUBSYSTEM:WINDOWS /TLBID:1 /DYNAMICBASE /NXCOMPAT /IMPLIB:"D:\ML_GVIDMW2.0GPU\ML_GVIDMW_Net_5_dll_TV_2.0\Debug\ML_GVIDMW.lib" /MACHINE:X86 /SAFESEH /DLL Debug\bmp.obj
         Debug\CAR.obj
         Debug\CDataPool.obj
         Debug\CGraphicsManager.obj
         Debug\Communication.obj
         Debug\CPPI.obj
         Debug\CRadarDisplay.obj
         Debug\CWindowsManager.obj
         Debug\CYH.obj
         Debug\main.obj
         Debug\ML_GVIDMW.obj
         Debug\mycolor.obj
         Debug\netRadar.obj
         Debug\NewDataRecver.obj
         Debug\stdafx.obj
         Debug\tv.obj
         Debug\yuvrgb24.obj
         Debug\ZDYT_SDK.obj
     1>bmp.obj : warning LNK4075: 忽略“/EDITANDCONTINUE”(由于“/SAFESEH”规范)
     1>mfcs110d.lib(dllmodul.obj) : error LNK2005: _DllMain@12 已经在 MSVCRTD.lib(dllmain.obj) 中定义
            正在创建库 D:\ML_GVIDMW2.0GPU\ML_GVIDMW_Net_5_dll_TV_2.0\Debug\ML_GVIDMW.lib 和对象 D:\ML_GVIDMW2.0GPU\ML_GVIDMW_Net_5_dll_TV_2.0\Debug\ML_GVIDMW.exp
     1>D:\ML_GVIDMW2.0GPU\ML_GVIDMW_Net_5_dll_TV_2.0\Debug\ML_GVIDMW.dll : fatal error LNK1169: 找到一个或多个多重定义的符号
     1>已完成生成项目“D:\ML_GVIDMW2.0GPU\ML_GVIDMW_Net_5_dll_TV_2.0\ML_GVIDMW\ML_GVIDMW.vcxproj”(Build 个目标)的操作 - 失败。

生成失败。

已用时间 00:00:00.62
